[0m15:47:33.423335 [debug] [MainThread]: Sending event: {'category': 'dbt', 'action': 'invocation', 'label': 'start', 'context': [<snowplow_tracker.self_describing_json.SelfDescribingJson object at 0x000001AA831F5A90>, <snowplow_tracker.self_describing_json.SelfDescribingJson object at 0x000001AA8521D310>, <snowplow_tracker.self_describing_json.SelfDescribingJson object at 0x000001AA8533BB10>]}


============================== 15:47:33.538282 | 947a857d-5a7b-4349-8645-e24d624c2986 ==============================
[0m15:47:33.538282 [info ] [MainThread]: Running with dbt=1.9.2
[0m15:47:33.539138 [debug] [MainThread]: running dbt with arguments {'printer_width': '80', 'indirect_selection': 'eager', 'write_json': 'True', 'log_cache_events': 'False', 'partial_parse': 'True', 'cache_selected_only': 'False', 'profiles_dir': 'C:\\Users\\dougl\\.dbt', 'version_check': 'True', 'fail_fast': 'False', 'log_path': 'logs', 'debug': 'False', 'warn_error': 'None', 'use_colors': 'True', 'use_experimental_parser': 'False', 'empty': 'None', 'quiet': 'False', 'no_print': 'None', 'log_format': 'default', 'invocation_command': 'dbt init', 'static_parser': 'True', 'introspect': 'True', 'target_path': 'None', 'warn_error_options': 'WarnErrorOptions(include=[], exclude=[])', 'send_anonymous_usage_stats': 'True'}
[0m15:47:33.947279 [warn ] [MainThread]: [ConfigFolderDirectory]: Unable to parse logging event dictionary. Failed to parse dir field: expected string or bytes-like object, got 'WindowsPath'.. Dictionary: {'dir': WindowsPath('C:/Users/dougl/.dbt')}
[0m15:47:33.947860 [info ] [MainThread]: Creating dbt configuration folder at 
[0m15:48:00.617644 [debug] [MainThread]: Starter project path: F:\Engenheiro-de-dados\dbt-core-northwind-project\.venv\Lib\site-packages\dbt\include\starter_project
[0m15:48:00.648642 [info ] [MainThread]: 
Your new dbt project "nortwind" was created!

For more information on how to configure the profiles.yml file,
please consult the dbt documentation here:

  https://docs.getdbt.com/docs/configure-your-profile

One more thing:

Need help? Don't hesitate to reach out to us via GitHub issues or on Slack:

  https://community.getdbt.com/

Happy modeling!

[0m15:48:00.649495 [info ] [MainThread]: Setting up your profile.
[0m15:50:25.109268 [info ] [MainThread]: Profile nortwind written to C:\Users\dougl\.dbt\profiles.yml using target's profile_template.yml and your supplied values. Run 'dbt debug' to validate the connection.
[0m15:50:25.110490 [debug] [MainThread]: Command `dbt init` succeeded at 15:50:25.110303 after 171.84 seconds
[0m15:50:25.110858 [debug] [MainThread]: Sending event: {'category': 'dbt', 'action': 'invocation', 'label': 'end', 'context': [<snowplow_tracker.self_describing_json.SelfDescribingJson object at 0x000001AA857AD940>, <snowplow_tracker.self_describing_json.SelfDescribingJson object at 0x000001AA853F0EF0>, <snowplow_tracker.self_describing_json.SelfDescribingJson object at 0x000001AA85251480>]}
[0m15:50:25.111341 [debug] [MainThread]: Flushing usage events
[0m15:50:25.811724 [debug] [MainThread]: An error was encountered while trying to flush usage events
[0m15:52:13.595486 [debug] [MainThread]: Sending event: {'category': 'dbt', 'action': 'invocation', 'label': 'start', 'context': [<snowplow_tracker.self_describing_json.SelfDescribingJson object at 0x000002B2A56A4C20>, <snowplow_tracker.self_describing_json.SelfDescribingJson object at 0x000002B2A382CB90>, <snowplow_tracker.self_describing_json.SelfDescribingJson object at 0x000002B2A679FED0>]}


============================== 15:52:13.599807 | d6523ec4-53b9-4714-96c6-42ceec9370e5 ==============================
[0m15:52:13.599807 [info ] [MainThread]: Running with dbt=1.9.2
[0m15:52:13.600384 [debug] [MainThread]: running dbt with arguments {'printer_width': '80', 'indirect_selection': 'eager', 'write_json': 'True', 'log_cache_events': 'False', 'partial_parse': 'True', 'cache_selected_only': 'False', 'warn_error': 'None', 'debug': 'False', 'profiles_dir': 'C:\\Users\\dougl\\.dbt', 'log_path': 'logs', 'version_check': 'True', 'fail_fast': 'False', 'use_colors': 'True', 'use_experimental_parser': 'False', 'no_print': 'None', 'quiet': 'False', 'empty': 'None', 'warn_error_options': 'WarnErrorOptions(include=[], exclude=[])', 'introspect': 'True', 'static_parser': 'True', 'invocation_command': 'dbt debug', 'target_path': 'None', 'log_format': 'default', 'send_anonymous_usage_stats': 'True'}
[0m15:52:13.650346 [info ] [MainThread]: dbt version: 1.9.2
[0m15:52:13.650851 [info ] [MainThread]: python version: 3.13.1
[0m15:52:13.651207 [info ] [MainThread]: python path: F:\Engenheiro-de-dados\dbt-core-northwind-project\.venv\Scripts\python.exe
[0m15:52:13.651598 [info ] [MainThread]: os info: Windows-11-10.0.26100-SP0
[0m15:52:13.719385 [info ] [MainThread]: Using profiles dir at C:\Users\dougl\.dbt
[0m15:52:13.719977 [info ] [MainThread]: Using profiles.yml file at C:\Users\dougl\.dbt\profiles.yml
[0m15:52:13.720417 [info ] [MainThread]: Using dbt_project.yml file at F:\Engenheiro-de-dados\dbt-core-northwind-project\dbt_project.yml
[0m15:52:13.729107 [info ] [MainThread]: adapter type: postgres
[0m15:52:13.729602 [info ] [MainThread]: adapter version: 1.9.0
[0m15:52:13.730156 [info ] [MainThread]: Configuration:
[0m15:52:13.730535 [info ] [MainThread]:   profiles.yml file [[32mOK found and valid[0m]
[0m15:52:13.730898 [info ] [MainThread]:   dbt_project.yml file [[31mERROR not found[0m]
[0m15:52:13.731237 [info ] [MainThread]: Required dependencies:
[0m15:52:13.731577 [debug] [MainThread]: Executing "git --help"
[0m15:52:13.785073 [debug] [MainThread]: STDOUT: "b"usage: git [-v | --version] [-h | --help] [-C <path>] [-c <name>=<value>]\n           [--exec-path[=<path>]] [--html-path] [--man-path] [--info-path]\n           [-p | --paginate | -P | --no-pager] [--no-replace-objects] [--no-lazy-fetch]\n           [--no-optional-locks] [--no-advice] [--bare] [--git-dir=<path>]\n           [--work-tree=<path>] [--namespace=<name>] [--config-env=<name>=<envvar>]\n           <command> [<args>]\n\nThese are common Git commands used in various situations:\n\nstart a working area (see also: git help tutorial)\n   clone      Clone a repository into a new directory\n   init       Create an empty Git repository or reinitialize an existing one\n\nwork on the current change (see also: git help everyday)\n   add        Add file contents to the index\n   mv         Move or rename a file, a directory, or a symlink\n   restore    Restore working tree files\n   rm         Remove files from the working tree and from the index\n\nexamine the history and state (see also: git help revisions)\n   bisect     Use binary search to find the commit that introduced a bug\n   diff       Show changes between commits, commit and working tree, etc\n   grep       Print lines matching a pattern\n   log        Show commit logs\n   show       Show various types of objects\n   status     Show the working tree status\n\ngrow, mark and tweak your common history\n   backfill   Download missing objects in a partial clone\n   branch     List, create, or delete branches\n   commit     Record changes to the repository\n   merge      Join two or more development histories together\n   rebase     Reapply commits on top of another base tip\n   reset      Reset current HEAD to the specified state\n   switch     Switch branches\n   tag        Create, list, delete or verify a tag object signed with GPG\n\ncollaborate (see also: git help workflows)\n   fetch      Download objects and refs from another repository\n   pull       Fetch from and integrate with another repository or a local branch\n   push       Update remote refs along with associated objects\n\n'git help -a' and 'git help -g' list available subcommands and some\nconcept guides. See 'git help <command>' or 'git help <concept>'\nto read about a specific subcommand or concept.\nSee 'git help git' for an overview of the system.\n""
[0m15:52:13.785557 [debug] [MainThread]: STDERR: "b''"
[0m15:52:13.785974 [info ] [MainThread]:  - git [[32mOK found[0m]

[0m15:52:13.786528 [info ] [MainThread]: Connection:
[0m15:52:13.787040 [info ] [MainThread]:   host: localhost
[0m15:52:13.787452 [info ] [MainThread]:   port: 5432
[0m15:52:13.787891 [info ] [MainThread]:   user: postgres
[0m15:52:13.788331 [info ] [MainThread]:   database: northwind
[0m15:52:13.788886 [info ] [MainThread]:   schema: public
[0m15:52:13.789266 [info ] [MainThread]:   connect_timeout: 10
[0m15:52:13.789709 [info ] [MainThread]:   role: None
[0m15:52:13.790235 [info ] [MainThread]:   search_path: None
[0m15:52:13.790644 [info ] [MainThread]:   keepalives_idle: 0
[0m15:52:13.791021 [info ] [MainThread]:   sslmode: None
[0m15:52:13.791468 [info ] [MainThread]:   sslcert: None
[0m15:52:13.791889 [info ] [MainThread]:   sslkey: None
[0m15:52:13.792281 [info ] [MainThread]:   sslrootcert: None
[0m15:52:13.792780 [info ] [MainThread]:   application_name: dbt
[0m15:52:13.793500 [info ] [MainThread]:   retries: 1
[0m15:52:13.795650 [info ] [MainThread]: Registered adapter: postgres=1.9.0
[0m15:52:13.990666 [debug] [MainThread]: Acquiring new postgres connection 'debug'
[0m15:52:16.327608 [debug] [MainThread]: Using postgres connection "debug"
[0m15:52:16.328220 [debug] [MainThread]: On debug: select 1 as id
[0m15:52:16.329588 [debug] [MainThread]: Opening a new connection, currently in state init
[0m15:52:16.381501 [debug] [MainThread]: SQL status: SELECT 1 in 0.052 seconds
[0m15:52:16.382510 [debug] [MainThread]: On debug: Close
[0m15:52:16.382908 [info ] [MainThread]:   Connection test: [[32mOK connection ok[0m]

[0m15:52:16.383597 [info ] [MainThread]: [31m1 check failed:[0m
[0m15:52:16.384078 [info ] [MainThread]: Project loading failed for the following reason:
 project path <F:\Engenheiro-de-dados\dbt-core-northwind-project\dbt_project.yml> not found

[0m15:52:16.384917 [debug] [MainThread]: Command `dbt debug` failed at 15:52:16.384797 after 2.93 seconds
[0m15:52:16.385236 [debug] [MainThread]: Connection 'debug' was properly closed.
[0m15:52:16.385652 [debug] [MainThread]: Sending event: {'category': 'dbt', 'action': 'invocation', 'label': 'end', 'context': [<snowplow_tracker.self_describing_json.SelfDescribingJson object at 0x000002B2A6BDF820>, <snowplow_tracker.self_describing_json.SelfDescribingJson object at 0x000002B2A6C0ED50>, <snowplow_tracker.self_describing_json.SelfDescribingJson object at 0x000002B2A6863350>]}
[0m15:52:16.386204 [debug] [MainThread]: Flushing usage events
[0m15:52:17.079895 [debug] [MainThread]: An error was encountered while trying to flush usage events
